<?xml version="1.0" encoding="UTF-8"?>
<!-- Generated by org.testng.reporters.JUnitXMLReporter -->
<testsuite hostname="NC003" ignored="0" name="Dashboard" tests="4" failures="1" timestamp="26 Apr 2019 09:06:19 GMT" time="110.787" errors="0">
  <testcase name="@AfterMethod check" time="0.687" classname="DemoMaven.Tests.DashBoard.DashBoardTests">
    <failure type="java.lang.NullPointerException">
      <![CDATA[java.lang.NullPointerException
at DemoMaven.Utilities.SuiteBase.captureFailureScreen(SuiteBase.java:128)
at DemoMaven.Tests.DashBoard.DashBoardTests.check(DashBoardTests.java:1869)
... Removed 28 stack frames]]>
    </failure>
  </testcase> <!-- @AfterMethod check -->
  <testcase name="@BeforeMethod getMethodName" time="0.0" classname="DemoMaven.Tests.DashBoard.DashBoardTests">
    <skipped/>
  </testcase> <!-- @BeforeMethod getMethodName -->
  <testcase name="@AfterMethod check" time="0.0" classname="DemoMaven.Tests.DashBoard.DashBoardTests">
    <skipped/>
  </testcase> <!-- @AfterMethod check -->
  <testcase name="@AfterClass TearDown" time="0.0" classname="DemoMaven.Tests.DashBoard.DashBoardTests">
    <skipped/>
  </testcase> <!-- @AfterClass TearDown -->
  <testcase name="@AfterTest tearownTest" time="0.0" classname="DemoMaven.Utilities.SuiteBase">
    <skipped/>
  </testcase> <!-- @AfterTest tearownTest -->
  <testcase name="VerifyValidLogin" time="8.771" classname="DemoMaven.Tests.DashBoard.DashBoardTests"/>
  <testcase name="TC_verifySelectPractice" time="6.021" classname="DemoMaven.Tests.DashBoard.DashBoardTests"/>
  <testcase name="getDataFromDataproviderTC_DetailedPPDrillDownCountNR" time="73.724" classname="DemoMaven.Tests.DashBoard.DashBoardTests">
    <failure type="org.openqa.selenium.TimeoutException" message="Expected condition failed: waiting for element to be clickable: By.xpath: //td[contains(text(),&amp;apos;Complete Lipid Profile&amp;apos;)] (tried for 60 second(s) with 500 milliseconds interval)
Build info: version: &amp;apos;3.13.0&amp;apos;, revision: &amp;apos;2f0d292&amp;apos;, time: &amp;apos;2018-06-25T15:24:21.231Z&amp;apos;
System info: host: &amp;apos;NC003&amp;apos;, ip: &amp;apos;192.168.105.168&amp;apos;, os.name: &amp;apos;Windows Server 2012 R2&amp;apos;, os.arch: &amp;apos;amd64&amp;apos;, os.version: &amp;apos;6.3&amp;apos;, java.version: &amp;apos;1.8.0_45&amp;apos;
Driver info: org.openqa.selenium.chrome.ChromeDriver
Capabilities {acceptInsecureCerts: false, acceptSslCerts: false, applicationCacheEnabled: false, browserConnectionEnabled: false, browserName: chrome, chrome: {chromedriverVersion: 2.36.540470 (e522d04694c7eb..., userDataDir: C:\Users\AMOL~1.PAW\AppData...}, cssSelectorsEnabled: true, databaseEnabled: false, handlesAlerts: true, hasTouchScreen: false, javascriptEnabled: true, locationContextEnabled: true, mobileEmulationEnabled: false, nativeEvents: true, networkConnectionEnabled: false, pageLoadStrategy: normal, platform: XP, platformName: XP, rotatable: false, setWindowRect: true, takesHeapSnapshot: true, takesScreenshot: true, unexpectedAlertBehaviour: ignore, unhandledPromptBehavior: ignore, version: 73.0.3683.103, webStorageEnabled: true}
Session ID: fe68be9350d06f8c94cf0fe8201901aa">
      <![CDATA[org.openqa.selenium.TimeoutException: Expected condition failed: waiting for element to be clickable: By.xpath: //td[contains(text(),'Complete Lipid Profile')] (tried for 60 second(s) with 500 milliseconds interval)
Build info: version: '3.13.0', revision: '2f0d292', time: '2018-06-25T15:24:21.231Z'
System info: host: 'NC003', ip: '192.168.105.168', os.name: 'Windows Server 2012 R2', os.arch: 'amd64', os.version: '6.3', java.version: '1.8.0_45'
Driver info: org.openqa.selenium.chrome.ChromeDriver
Capabilities {acceptInsecureCerts: false, acceptSslCerts: false, applicationCacheEnabled: false, browserConnectionEnabled: false, browserName: chrome, chrome: {chromedriverVersion: 2.36.540470 (e522d04694c7eb..., userDataDir: C:\Users\AMOL~1.PAW\AppData...}, cssSelectorsEnabled: true, databaseEnabled: false, handlesAlerts: true, hasTouchScreen: false, javascriptEnabled: true, locationContextEnabled: true, mobileEmulationEnabled: false, nativeEvents: true, networkConnectionEnabled: false, pageLoadStrategy: normal, platform: XP, platformName: XP, rotatable: false, setWindowRect: true, takesHeapSnapshot: true, takesScreenshot: true, unexpectedAlertBehaviour: ignore, unhandledPromptBehavior: ignore, version: 73.0.3683.103, webStorageEnabled: true}
Session ID: fe68be9350d06f8c94cf0fe8201901aa
at org.openqa.selenium.support.ui.WebDriverWait.timeoutException(WebDriverWait.java:81)
at org.openqa.selenium.support.ui.FluentWait.until(FluentWait.java:271)
at DemoMaven.CommonActions.CommonAction.CommonAction.ElementToClickWithLogger(CommonAction.java:326)
at DemoMaven.CommonActions.DashBoard.DashBoardActions.TC_DetailedPPDrillDownCountNR(DashBoardActions.java:97)
at DemoMaven.Tests.DashBoard.DashBoardTests.getDataFromDataproviderTC_DetailedPPDrillDownCountNR(DashBoardTests.java:151)
... Removed 25 stack frames]]>
    </failure>
  </testcase> <!-- getDataFromDataproviderTC_DetailedPPDrillDownCountNR -->
  <testcase name="TC_DetailedPPDrillDownCountR" time="0.0" classname="DemoMaven.Tests.DashBoard.DashBoardTests">
    <skipped/>
  </testcase> <!-- TC_DetailedPPDrillDownCountR -->
</testsuite> <!-- Dashboard -->
