<html>
<head>
<title>TestNG:  Dashboard</title>
<link href="../testng.css" rel="stylesheet" type="text/css" />
<link href="../my-testng.css" rel="stylesheet" type="text/css" />

<style type="text/css">
.log { display: none;} 
.stack-trace { display: none;} 
</style>
<script type="text/javascript">
<!--
function flip(e) {
  current = e.style.display;
  if (current == 'block') {
    e.style.display = 'none';
    return 0;
  }
  else {
    e.style.display = 'block';
    return 1;
  }
}

function toggleBox(szDivId, elem, msg1, msg2)
{
  var res = -1;  if (document.getElementById) {
    res = flip(document.getElementById(szDivId));
  }
  else if (document.all) {
    // this is the way old msie versions work
    res = flip(document.all[szDivId]);
  }
  if(elem) {
    if(res == 0) elem.innerHTML = msg1; else elem.innerHTML = msg2;
  }

}

function toggleAllBoxes() {
  if (document.getElementsByTagName) {
    d = document.getElementsByTagName('div');
    for (i = 0; i < d.length; i++) {
      if (d[i].className == 'log') {
        flip(d[i]);
      }
    }
  }
}

// -->
</script>

</head>
<body>
<h2 align='center'>Dashboard</h2><table border='1' align="center">
<tr>
<td>Tests passed/Failed/Skipped:</td><td>2/1/1</td>
</tr><tr>
<td>Started on:</td><td>Fri Apr 26 14:34:28 IST 2019</td>
</tr>
<tr><td>Total time:</td><td>110 seconds (110787 ms)</td>
</tr><tr>
<td>Included groups:</td><td></td>
</tr><tr>
<td>Excluded groups:</td><td></td>
</tr>
</table><p/>
<small><i>(Hover the method name to see the test class name)</i></small><p/>
<table width='100%' border='1' class='invocation-failed'>
<tr><td colspan='4' align='center'><b>FAILED CONFIGURATIONS</b></td></tr>
<tr><td><b>Test method</b></td>
<td width="30%"><b>Exception</b></td>
<td width="10%"><b>Time (seconds)</b></td>
<td><b>Instance</b></td>
</tr>
<tr>
<td title='DemoMaven.Tests.DashBoard.DashBoardTests.check()'><b>check</b><br>Test class: DemoMaven.Tests.DashBoard.DashBoardTests<br>Parameters: [TestResult name=getDataFromDataproviderTC_DetailedPPDrillDownCountNR status=FAILURE method=DashBoardTests.getDataFromDataproviderTC_DetailedPPDrillDownCountNR(java.util.Hashtable)[pri:3, instance:DemoMaven.Tests.DashBoard.DashBoardTests@5427c60c] output={null}], public void DemoMaven.Tests.DashBoard.DashBoardTests.getDataFromDataproviderTC_DetailedPPDrillDownCountNR(java.util.Hashtable) throws java.lang.Exception</td>
<td><div><pre>java.lang.NullPointerException
	at DemoMaven.Utilities.SuiteBase.captureFailureScreen(SuiteBase.java:128)
	at DemoMaven.Tests.DashBoard.DashBoardTests.check(DashBoardTests.java:1869)
... Removed 28 stack frames</pre></div><a href='#' onClick='toggleBox("stack-trace39867443", this, "Click to show all stack frames", "Click to hide stack frames")'>Click to show all stack frames</a>
<div class='stack-trace' id='stack-trace39867443'><pre>java.lang.NullPointerException
	at DemoMaven.Utilities.SuiteBase.captureFailureScreen(SuiteBase.java:128)
	at DemoMaven.Tests.DashBoard.DashBoardTests.check(DashBoardTests.java:1869)
	at sun.reflect.NativeMethodAccessorImpl.invoke0(Native Method)
	at sun.reflect.NativeMethodAccessorImpl.invoke(NativeMethodAccessorImpl.java:62)
	at sun.reflect.DelegatingMethodAccessorImpl.invoke(DelegatingMethodAccessorImpl.java:43)
	at java.lang.reflect.Method.invoke(Method.java:497)
	at org.testng.internal.MethodInvocationHelper.invokeMethod(MethodInvocationHelper.java:124)
	at org.testng.internal.MethodInvocationHelper.invokeMethodConsideringTimeout(MethodInvocationHelper.java:59)
	at org.testng.internal.Invoker.invokeConfigurationMethod(Invoker.java:455)
	at org.testng.internal.Invoker.invokeConfigurations(Invoker.java:222)
	at org.testng.internal.Invoker.invokeMethod(Invoker.java:643)
	at org.testng.internal.Invoker.invokeTestMethod(Invoker.java:716)
	at org.testng.internal.Invoker.invokeTestMethods(Invoker.java:988)
	at org.testng.internal.TestMethodWorker.invokeTestMethods(TestMethodWorker.java:125)
	at org.testng.internal.TestMethodWorker.run(TestMethodWorker.java:109)
	at org.testng.TestRunner.privateRun(TestRunner.java:648)
	at org.testng.TestRunner.run(TestRunner.java:505)
	at org.testng.SuiteRunner.runTest(SuiteRunner.java:455)
	at org.testng.SuiteRunner.runSequentially(SuiteRunner.java:450)
	at org.testng.SuiteRunner.privateRun(SuiteRunner.java:415)
	at org.testng.SuiteRunner.run(SuiteRunner.java:364)
	at org.testng.SuiteRunnerWorker.runSuite(SuiteRunnerWorker.java:52)
	at org.testng.SuiteRunnerWorker.run(SuiteRunnerWorker.java:84)
	at org.testng.TestNG.runSuitesSequentially(TestNG.java:1208)
	at org.testng.TestNG.runSuitesLocally(TestNG.java:1137)
	at org.testng.TestNG.runSuites(TestNG.java:1049)
	at org.testng.TestNG.run(TestNG.java:1017)
	at org.testng.remote.AbstractRemoteTestNG.run(AbstractRemoteTestNG.java:114)
	at org.testng.remote.RemoteTestNG.initAndRun(RemoteTestNG.java:251)
	at org.testng.remote.RemoteTestNG.main(RemoteTestNG.java:77)
</pre></div></td>
<td>0</td>
<td>DemoMaven.Tests.DashBoard.DashBoardTests@5427c60c</td></tr>
</table><p>
<table width='100%' border='1' class='invocation-skipped'>
<tr><td colspan='4' align='center'><b>SKIPPED CONFIGURATIONS</b></td></tr>
<tr><td><b>Test method</b></td>
<td width="30%"><b>Exception</b></td>
<td width="10%"><b>Time (seconds)</b></td>
<td><b>Instance</b></td>
</tr>
<tr>
<td title='DemoMaven.Tests.DashBoard.DashBoardTests.getMethodName()'><b>getMethodName</b><br>Test class: DemoMaven.Tests.DashBoard.DashBoardTests</td>
<td></td>
<td>0</td>
<td>DemoMaven.Tests.DashBoard.DashBoardTests@5427c60c</td></tr>
<tr>
<td title='DemoMaven.Tests.DashBoard.DashBoardTests.check()'><b>check</b><br>Test class: DemoMaven.Tests.DashBoard.DashBoardTests</td>
<td></td>
<td>0</td>
<td>DemoMaven.Tests.DashBoard.DashBoardTests@5427c60c</td></tr>
<tr>
<td title='DemoMaven.Tests.DashBoard.DashBoardTests.TearDown()'><b>TearDown</b><br>Test class: DemoMaven.Tests.DashBoard.DashBoardTests</td>
<td></td>
<td>0</td>
<td>DemoMaven.Tests.DashBoard.DashBoardTests@5427c60c</td></tr>
<tr>
<td title='DemoMaven.Tests.DashBoard.DashBoardTests.tearownTest()'><b>tearownTest</b><br>Test class: DemoMaven.Tests.DashBoard.DashBoardTests</td>
<td></td>
<td>0</td>
<td>DemoMaven.Tests.DashBoard.DashBoardTests@5427c60c</td></tr>
</table><p>
<table width='100%' border='1' class='invocation-failed'>
<tr><td colspan='4' align='center'><b>FAILED TESTS</b></td></tr>
<tr><td><b>Test method</b></td>
<td width="30%"><b>Exception</b></td>
<td width="10%"><b>Time (seconds)</b></td>
<td><b>Instance</b></td>
</tr>
<tr>
<td title='DemoMaven.Tests.DashBoard.DashBoardTests.getDataFromDataproviderTC_DetailedPPDrillDownCountNR()'><b>getDataFromDataproviderTC_DetailedPPDrillDownCountNR</b><br>Test class: DemoMaven.Tests.DashBoard.DashBoardTests<br>Parameters: {Quarter=2018-12-31, Query=select  count(PatientUid) as PracticeUid_Count from [10.30.201.43].[ACC_FIGMDPQRSWebPartition_2018_12].dbo.WebPatients w 
where patientuid in (select patientuid  from [10.30.201.43].[ACC_FIGMDPQRSWebPartition_2018_12].dbo.MeasureComputationProviderQuarterly
where  MeasureUid='AB36DD5F-FC32-49A4-8BE1-B5DC619CFEDC'  and 
practiceUid='35C22520-BF32-466B-91A8-C23F983D093E' and Provideruid='CA82E83E-0047-4896-9C27-CB3CF1F812C1' and quarterEndDate='2018-12-31' 
and Numerator='1')
, MeasureSet=PINNACLE, Menu=Dashboards, SubMenu=Provider}</td>
<td><div><pre>org.openqa.selenium.TimeoutException: Expected condition failed: waiting for element to be clickable: By.xpath: //td[contains(text(),&apos;Complete Lipid Profile&apos;)] (tried for 60 second(s) with 500 milliseconds interval)
Build info: version: &apos;3.13.0&apos;, revision: &apos;2f0d292&apos;, time: &apos;2018-06-25T15:24:21.231Z&apos;
System info: host: &apos;NC003&apos;, ip: &apos;192.168.105.168&apos;, os.name: &apos;Windows Server 2012 R2&apos;, os.arch: &apos;amd64&apos;, os.version: &apos;6.3&apos;, java.version: &apos;1.8.0_45&apos;
Driver info: org.openqa.selenium.chrome.ChromeDriver
Capabilities {acceptInsecureCerts: false, acceptSslCerts: false, applicationCacheEnabled: false, browserConnectionEnabled: false, browserName: chrome, chrome: {chromedriverVersion: 2.36.540470 (e522d04694c7eb..., userDataDir: C:\Users\AMOL~1.PAW\AppData...}, cssSelectorsEnabled: true, databaseEnabled: false, handlesAlerts: true, hasTouchScreen: false, javascriptEnabled: true, locationContextEnabled: true, mobileEmulationEnabled: false, nativeEvents: true, networkConnectionEnabled: false, pageLoadStrategy: normal, platform: XP, platformName: XP, rotatable: false, setWindowRect: true, takesHeapSnapshot: true, takesScreenshot: true, unexpectedAlertBehaviour: ignore, unhandledPromptBehavior: ignore, version: 73.0.3683.103, webStorageEnabled: true}
Session ID: fe68be9350d06f8c94cf0fe8201901aa
	at org.openqa.selenium.support.ui.WebDriverWait.timeoutException(WebDriverWait.java:81)
	at org.openqa.selenium.support.ui.FluentWait.until(FluentWait.java:271)
	at DemoMaven.CommonActions.CommonAction.CommonAction.ElementToClickWithLogger(CommonAction.java:326)
	at DemoMaven.CommonActions.DashBoard.DashBoardActions.TC_DetailedPPDrillDownCountNR(DashBoardActions.java:97)
	at DemoMaven.Tests.DashBoard.DashBoardTests.getDataFromDataproviderTC_DetailedPPDrillDownCountNR(DashBoardTests.java:151)
... Removed 25 stack frames</pre></div><a href='#' onClick='toggleBox("stack-trace623180223", this, "Click to show all stack frames", "Click to hide stack frames")'>Click to show all stack frames</a>
<div class='stack-trace' id='stack-trace623180223'><pre>org.openqa.selenium.TimeoutException: Expected condition failed: waiting for element to be clickable: By.xpath: //td[contains(text(),&apos;Complete Lipid Profile&apos;)] (tried for 60 second(s) with 500 milliseconds interval)
Build info: version: &apos;3.13.0&apos;, revision: &apos;2f0d292&apos;, time: &apos;2018-06-25T15:24:21.231Z&apos;
System info: host: &apos;NC003&apos;, ip: &apos;192.168.105.168&apos;, os.name: &apos;Windows Server 2012 R2&apos;, os.arch: &apos;amd64&apos;, os.version: &apos;6.3&apos;, java.version: &apos;1.8.0_45&apos;
Driver info: org.openqa.selenium.chrome.ChromeDriver
Capabilities {acceptInsecureCerts: false, acceptSslCerts: false, applicationCacheEnabled: false, browserConnectionEnabled: false, browserName: chrome, chrome: {chromedriverVersion: 2.36.540470 (e522d04694c7eb..., userDataDir: C:\Users\AMOL~1.PAW\AppData...}, cssSelectorsEnabled: true, databaseEnabled: false, handlesAlerts: true, hasTouchScreen: false, javascriptEnabled: true, locationContextEnabled: true, mobileEmulationEnabled: false, nativeEvents: true, networkConnectionEnabled: false, pageLoadStrategy: normal, platform: XP, platformName: XP, rotatable: false, setWindowRect: true, takesHeapSnapshot: true, takesScreenshot: true, unexpectedAlertBehaviour: ignore, unhandledPromptBehavior: ignore, version: 73.0.3683.103, webStorageEnabled: true}
Session ID: fe68be9350d06f8c94cf0fe8201901aa
	at org.openqa.selenium.support.ui.WebDriverWait.timeoutException(WebDriverWait.java:81)
	at org.openqa.selenium.support.ui.FluentWait.until(FluentWait.java:271)
	at DemoMaven.CommonActions.CommonAction.CommonAction.ElementToClickWithLogger(CommonAction.java:326)
	at DemoMaven.CommonActions.DashBoard.DashBoardActions.TC_DetailedPPDrillDownCountNR(DashBoardActions.java:97)
	at DemoMaven.Tests.DashBoard.DashBoardTests.getDataFromDataproviderTC_DetailedPPDrillDownCountNR(DashBoardTests.java:151)
	at sun.reflect.NativeMethodAccessorImpl.invoke0(Native Method)
	at sun.reflect.NativeMethodAccessorImpl.invoke(NativeMethodAccessorImpl.java:62)
	at sun.reflect.DelegatingMethodAccessorImpl.invoke(DelegatingMethodAccessorImpl.java:43)
	at java.lang.reflect.Method.invoke(Method.java:497)
	at org.testng.internal.MethodInvocationHelper.invokeMethod(MethodInvocationHelper.java:124)
	at org.testng.internal.Invoker.invokeMethod(Invoker.java:580)
	at org.testng.internal.Invoker.invokeTestMethod(Invoker.java:716)
	at org.testng.internal.Invoker.invokeTestMethods(Invoker.java:988)
	at org.testng.internal.TestMethodWorker.invokeTestMethods(TestMethodWorker.java:125)
	at org.testng.internal.TestMethodWorker.run(TestMethodWorker.java:109)
	at org.testng.TestRunner.privateRun(TestRunner.java:648)
	at org.testng.TestRunner.run(TestRunner.java:505)
	at org.testng.SuiteRunner.runTest(SuiteRunner.java:455)
	at org.testng.SuiteRunner.runSequentially(SuiteRunner.java:450)
	at org.testng.SuiteRunner.privateRun(SuiteRunner.java:415)
	at org.testng.SuiteRunner.run(SuiteRunner.java:364)
	at org.testng.SuiteRunnerWorker.runSuite(SuiteRunnerWorker.java:52)
	at org.testng.SuiteRunnerWorker.run(SuiteRunnerWorker.java:84)
	at org.testng.TestNG.runSuitesSequentially(TestNG.java:1208)
	at org.testng.TestNG.runSuitesLocally(TestNG.java:1137)
	at org.testng.TestNG.runSuites(TestNG.java:1049)
	at org.testng.TestNG.run(TestNG.java:1017)
	at org.testng.remote.AbstractRemoteTestNG.run(AbstractRemoteTestNG.java:114)
	at org.testng.remote.RemoteTestNG.initAndRun(RemoteTestNG.java:251)
	at org.testng.remote.RemoteTestNG.main(RemoteTestNG.java:77)
</pre></div></td>
<td>73</td>
<td>DemoMaven.Tests.DashBoard.DashBoardTests@5427c60c</td></tr>
</table><p>
<table width='100%' border='1' class='invocation-passed'>
<tr><td colspan='4' align='center'><b>PASSED TESTS</b></td></tr>
<tr><td><b>Test method</b></td>
<td width="30%"><b>Exception</b></td>
<td width="10%"><b>Time (seconds)</b></td>
<td><b>Instance</b></td>
</tr>
<tr>
<td title='DemoMaven.Tests.DashBoard.DashBoardTests.TC_verifySelectPractice()'><b>TC_verifySelectPractice</b><br>Test class: DemoMaven.Tests.DashBoard.DashBoardTests<br>Parameters: {PracticeID=151780, ServerName=select  Lipid_ServerName as ServerName from PracticeCDRTblencounterMap where practiceid='@practiceid', DBName= select  Lipid_DatabaseName as DBName  from PracticeCDRTblencounterMap where practiceid='@practiceid'}</td>
<td></td>
<td>6</td>
<td>DemoMaven.Tests.DashBoard.DashBoardTests@5427c60c</td></tr>
<tr>
<td title='DemoMaven.Tests.DashBoard.DashBoardTests.VerifyValidLogin()'><b>VerifyValidLogin</b><br>Test class: DemoMaven.Tests.DashBoard.DashBoardTests<br>Parameters: {start_in=, login_pass=Admin@123, login_user=Shwetas}</td>
<td></td>
<td>8</td>
<td>DemoMaven.Tests.DashBoard.DashBoardTests@5427c60c</td></tr>
</table><p>
<table width='100%' border='1' class='invocation-skipped'>
<tr><td colspan='4' align='center'><b>SKIPPED TESTS</b></td></tr>
<tr><td><b>Test method</b></td>
<td width="30%"><b>Exception</b></td>
<td width="10%"><b>Time (seconds)</b></td>
<td><b>Instance</b></td>
</tr>
<tr>
<td title='DemoMaven.Tests.DashBoard.DashBoardTests.TC_DetailedPPDrillDownCountR()'><b>TC_DetailedPPDrillDownCountR</b><br>Test class: DemoMaven.Tests.DashBoard.DashBoardTests</td>
<td><div><pre>java.lang.NullPointerException
	at DemoMaven.Utilities.SuiteBase.captureFailureScreen(SuiteBase.java:128)
	at DemoMaven.Tests.DashBoard.DashBoardTests.check(DashBoardTests.java:1869)
... Removed 28 stack frames</pre></div><a href='#' onClick='toggleBox("stack-trace796028148", this, "Click to show all stack frames", "Click to hide stack frames")'>Click to show all stack frames</a>
<div class='stack-trace' id='stack-trace796028148'><pre>java.lang.NullPointerException
	at DemoMaven.Utilities.SuiteBase.captureFailureScreen(SuiteBase.java:128)
	at DemoMaven.Tests.DashBoard.DashBoardTests.check(DashBoardTests.java:1869)
	at sun.reflect.NativeMethodAccessorImpl.invoke0(Native Method)
	at sun.reflect.NativeMethodAccessorImpl.invoke(NativeMethodAccessorImpl.java:62)
	at sun.reflect.DelegatingMethodAccessorImpl.invoke(DelegatingMethodAccessorImpl.java:43)
	at java.lang.reflect.Method.invoke(Method.java:497)
	at org.testng.internal.MethodInvocationHelper.invokeMethod(MethodInvocationHelper.java:124)
	at org.testng.internal.MethodInvocationHelper.invokeMethodConsideringTimeout(MethodInvocationHelper.java:59)
	at org.testng.internal.Invoker.invokeConfigurationMethod(Invoker.java:455)
	at org.testng.internal.Invoker.invokeConfigurations(Invoker.java:222)
	at org.testng.internal.Invoker.invokeMethod(Invoker.java:643)
	at org.testng.internal.Invoker.invokeTestMethod(Invoker.java:716)
	at org.testng.internal.Invoker.invokeTestMethods(Invoker.java:988)
	at org.testng.internal.TestMethodWorker.invokeTestMethods(TestMethodWorker.java:125)
	at org.testng.internal.TestMethodWorker.run(TestMethodWorker.java:109)
	at org.testng.TestRunner.privateRun(TestRunner.java:648)
	at org.testng.TestRunner.run(TestRunner.java:505)
	at org.testng.SuiteRunner.runTest(SuiteRunner.java:455)
	at org.testng.SuiteRunner.runSequentially(SuiteRunner.java:450)
	at org.testng.SuiteRunner.privateRun(SuiteRunner.java:415)
	at org.testng.SuiteRunner.run(SuiteRunner.java:364)
	at org.testng.SuiteRunnerWorker.runSuite(SuiteRunnerWorker.java:52)
	at org.testng.SuiteRunnerWorker.run(SuiteRunnerWorker.java:84)
	at org.testng.TestNG.runSuitesSequentially(TestNG.java:1208)
	at org.testng.TestNG.runSuitesLocally(TestNG.java:1137)
	at org.testng.TestNG.runSuites(TestNG.java:1049)
	at org.testng.TestNG.run(TestNG.java:1017)
	at org.testng.remote.AbstractRemoteTestNG.run(AbstractRemoteTestNG.java:114)
	at org.testng.remote.RemoteTestNG.initAndRun(RemoteTestNG.java:251)
	at org.testng.remote.RemoteTestNG.main(RemoteTestNG.java:77)
</pre></div></td>
<td>0</td>
<td>DemoMaven.Tests.DashBoard.DashBoardTests@5427c60c</td></tr>
</table><p>
</body>
</html>